[2025-09-30 16:23:11,291] INFO [Controller id=0 epoch=2] Sending UpdateMetadata request to brokers HashSet(0) for 0 partitions (state.change.logger)
[2025-09-30 16:48:13,879] INFO [Controller id=0 epoch=2] Sending UpdateMetadata request to brokers HashSet(0) for 0 partitions (state.change.logger)
[2025-09-30 16:48:13,883] INFO [Controller id=0 epoch=2] Sending UpdateMetadata request to brokers HashSet(1) for 0 partitions (state.change.logger)
[2025-09-30 16:48:39,682] INFO [Controller id=0 epoch=2] Sending UpdateMetadata request to brokers HashSet(0, 1) for 0 partitions (state.change.logger)
[2025-09-30 16:48:39,705] INFO [Controller id=0 epoch=2] Sending UpdateMetadata request to brokers HashSet(2) for 0 partitions (state.change.logger)
[2025-09-30 16:48:48,550] INFO [Controller id=0 epoch=2] Sending UpdateMetadata request to brokers HashSet(0, 1, 2) for 0 partitions (state.change.logger)
[2025-09-30 16:48:48,558] INFO [Controller id=0 epoch=2] Sending UpdateMetadata request to brokers HashSet(3) for 0 partitions (state.change.logger)
[2025-09-30 16:52:15,392] INFO [Controller id=2 epoch=3] Sending UpdateMetadata request to brokers HashSet(1, 2, 3) for 0 partitions (state.change.logger)
[2025-09-30 16:52:30,098] INFO [Controller id=2 epoch=3] Sending UpdateMetadata request to brokers HashSet(1, 2, 3) for 0 partitions (state.change.logger)
[2025-09-30 16:52:30,112] INFO [Controller id=2 epoch=3] Sending UpdateMetadata request to brokers HashSet(0) for 0 partitions (state.change.logger)
[2025-09-30 16:55:12,793] INFO [Controller id=2 epoch=3] Changed partition trips-0 state from NonExistentPartition to NewPartition with assigned replicas 2,0,3 (state.change.logger)
[2025-09-30 16:55:12,795] INFO [Controller id=2 epoch=3] Changed partition trips-1 state from NonExistentPartition to NewPartition with assigned replicas 3,2,1 (state.change.logger)
[2025-09-30 16:55:12,795] INFO [Controller id=2 epoch=3] Changed partition trips-2 state from NonExistentPartition to NewPartition with assigned replicas 1,3,0 (state.change.logger)
[2025-09-30 16:55:12,796] INFO [Controller id=2 epoch=3] Sending UpdateMetadata request to brokers HashSet() for 0 partitions (state.change.logger)
[2025-09-30 16:55:12,812] INFO [Controller id=2 epoch=3] Sending UpdateMetadata request to brokers HashSet() for 0 partitions (state.change.logger)
[2025-09-30 16:55:13,020] INFO [Controller id=2 epoch=3] Changed partition trips-0 from NewPartition to OnlinePartition with state LeaderAndIsr(leader=2, leaderEpoch=0, isrWithBrokerEpoch=List(BrokerState(brokerId=2, brokerEpoch=-1), BrokerState(brokerId=0, brokerEpoch=-1), BrokerState(brokerId=3, brokerEpoch=-1)), leaderRecoveryState=RECOVERED, partitionEpoch=0) (state.change.logger)
[2025-09-30 16:55:13,022] INFO [Controller id=2 epoch=3] Changed partition trips-1 from NewPartition to OnlinePartition with state LeaderAndIsr(leader=3, leaderEpoch=0, isrWithBrokerEpoch=List(BrokerState(brokerId=3, brokerEpoch=-1), BrokerState(brokerId=2, brokerEpoch=-1), BrokerState(brokerId=1, brokerEpoch=-1)), leaderRecoveryState=RECOVERED, partitionEpoch=0) (state.change.logger)
[2025-09-30 16:55:13,022] INFO [Controller id=2 epoch=3] Changed partition trips-2 from NewPartition to OnlinePartition with state LeaderAndIsr(leader=1, leaderEpoch=0, isrWithBrokerEpoch=List(BrokerState(brokerId=1, brokerEpoch=-1), BrokerState(brokerId=3, brokerEpoch=-1), BrokerState(brokerId=0, brokerEpoch=-1)), leaderRecoveryState=RECOVERED, partitionEpoch=0) (state.change.logger)
[2025-09-30 16:55:13,035] INFO [Controller id=2 epoch=3] Sending LeaderAndIsr request to broker 0 with 0 become-leader and 2 become-follower partitions (state.change.logger)
[2025-09-30 16:55:13,046] INFO [Controller id=2 epoch=3] Sending LeaderAndIsr request to broker 1 with 1 become-leader and 1 become-follower partitions (state.change.logger)
[2025-09-30 16:55:13,048] INFO [Controller id=2 epoch=3] Sending LeaderAndIsr request to broker 2 with 1 become-leader and 1 become-follower partitions (state.change.logger)
[2025-09-30 16:55:13,048] INFO [Controller id=2 epoch=3] Sending LeaderAndIsr request to broker 3 with 1 become-leader and 2 become-follower partitions (state.change.logger)
[2025-09-30 16:55:13,058] INFO [Controller id=2 epoch=3] Sending UpdateMetadata request to brokers HashSet(0, 1, 2, 3) for 3 partitions (state.change.logger)
[2025-09-30 16:55:13,069] INFO [Controller id=2 epoch=3] Sending UpdateMetadata request to brokers HashSet() for 0 partitions (state.change.logger)
[2025-09-30 16:55:13,076] INFO [Broker id=2] Handling LeaderAndIsr request correlationId 2 from controller 2 for 2 partitions (state.change.logger)
[2025-09-30 16:55:13,086] INFO [Broker id=0] Handling LeaderAndIsr request correlationId 1 from controller 2 for 2 partitions (state.change.logger)
[2025-09-30 16:55:13,085] INFO [Broker id=1] Handling LeaderAndIsr request correlationId 2 from controller 2 for 2 partitions (state.change.logger)
[2025-09-30 16:55:13,092] INFO [Broker id=3] Handling LeaderAndIsr request correlationId 2 from controller 2 for 3 partitions (state.change.logger)
[2025-09-30 16:55:13,173] INFO [Broker id=2] Stopped fetchers as part of LeaderAndIsr request correlationId 2 from controller 2 epoch 3 as part of the become-leader transition for 1 partitions (state.change.logger)
[2025-09-30 16:55:13,215] INFO [Broker id=1] Stopped fetchers as part of LeaderAndIsr request correlationId 2 from controller 2 epoch 3 as part of the become-leader transition for 1 partitions (state.change.logger)
[2025-09-30 16:55:13,224] INFO [Broker id=3] Stopped fetchers as part of LeaderAndIsr request correlationId 2 from controller 2 epoch 3 as part of the become-leader transition for 1 partitions (state.change.logger)
[2025-09-30 16:55:14,833] INFO [Broker id=2] Leader trips-0 with topic id Some(CZdCueR0Spa3ejndFTF0SQ) starts at leader epoch 0 from offset 0 with partition epoch 0, high watermark 0, ISR [2,0,3], adding replicas [] and removing replicas [] . Previous leader None and previous leader epoch was -1. (state.change.logger)
[2025-09-30 16:55:14,841] INFO [Broker id=1] Leader trips-2 with topic id Some(CZdCueR0Spa3ejndFTF0SQ) starts at leader epoch 0 from offset 0 with partition epoch 0, high watermark 0, ISR [1,3,0], adding replicas [] and removing replicas [] . Previous leader None and previous leader epoch was -1. (state.change.logger)
[2025-09-30 16:55:14,859] INFO [Broker id=0] Follower trips-0 starts at leader epoch 0 from offset 0 with partition epoch 0 and high watermark 0. Current leader is 2. Previous leader Some(2) and previous leader epoch was 0. (state.change.logger)
[2025-09-30 16:55:14,865] INFO [Broker id=3] Leader trips-1 with topic id Some(CZdCueR0Spa3ejndFTF0SQ) starts at leader epoch 0 from offset 0 with partition epoch 0, high watermark 0, ISR [3,2,1], adding replicas [] and removing replicas [] . Previous leader None and previous leader epoch was -1. (state.change.logger)
[2025-09-30 16:55:14,902] INFO [Broker id=0] Follower trips-2 starts at leader epoch 0 from offset 0 with partition epoch 0 and high watermark 0. Current leader is 1. Previous leader Some(1) and previous leader epoch was 0. (state.change.logger)
[2025-09-30 16:55:14,909] INFO [Broker id=0] Stopped fetchers as part of become-follower request from controller 2 epoch 3 with correlation id 1 for 2 partitions (state.change.logger)
[2025-09-30 16:55:15,274] INFO [Broker id=2] Follower trips-1 starts at leader epoch 0 from offset 0 with partition epoch 0 and high watermark 0. Current leader is 3. Previous leader Some(3) and previous leader epoch was 0. (state.change.logger)
[2025-09-30 16:55:15,326] INFO [Broker id=2] Stopped fetchers as part of become-follower request from controller 2 epoch 3 with correlation id 2 for 1 partitions (state.change.logger)
[2025-09-30 16:55:15,349] INFO [Broker id=3] Follower trips-0 starts at leader epoch 0 from offset 0 with partition epoch 0 and high watermark 0. Current leader is 2. Previous leader Some(2) and previous leader epoch was 0. (state.change.logger)
[2025-09-30 16:55:15,402] INFO [Broker id=0] Finished LeaderAndIsr request in 2324ms correlationId 1 from controller 2 for 2 partitions (state.change.logger)
[2025-09-30 16:55:15,489] INFO [Broker id=0] Add 3 partitions and deleted 0 partitions from metadata cache in response to UpdateMetadata request sent by controller 2 epoch 3 with correlation id 2 (state.change.logger)
[2025-09-30 16:55:15,574] INFO [Broker id=1] Follower trips-1 starts at leader epoch 0 from offset 0 with partition epoch 0 and high watermark 0. Current leader is 3. Previous leader Some(3) and previous leader epoch was 0. (state.change.logger)
[2025-09-30 16:55:15,668] INFO [Broker id=1] Stopped fetchers as part of become-follower request from controller 2 epoch 3 with correlation id 2 for 1 partitions (state.change.logger)
[2025-09-30 16:55:15,821] INFO [Broker id=3] Follower trips-2 starts at leader epoch 0 from offset 0 with partition epoch 0 and high watermark 0. Current leader is 1. Previous leader Some(1) and previous leader epoch was 0. (state.change.logger)
[2025-09-30 16:55:15,860] INFO [Broker id=3] Stopped fetchers as part of become-follower request from controller 2 epoch 3 with correlation id 2 for 2 partitions (state.change.logger)
[2025-09-30 16:55:16,099] INFO [Broker id=2] Finished LeaderAndIsr request in 3031ms correlationId 2 from controller 2 for 2 partitions (state.change.logger)
[2025-09-30 16:55:16,176] INFO [Broker id=2] Add 3 partitions and deleted 0 partitions from metadata cache in response to UpdateMetadata request sent by controller 2 epoch 3 with correlation id 3 (state.change.logger)
[2025-09-30 16:55:16,328] INFO [Broker id=1] Finished LeaderAndIsr request in 3164ms correlationId 2 from controller 2 for 2 partitions (state.change.logger)
[2025-09-30 16:55:16,437] INFO [Broker id=1] Add 3 partitions and deleted 0 partitions from metadata cache in response to UpdateMetadata request sent by controller 2 epoch 3 with correlation id 3 (state.change.logger)
[2025-09-30 16:55:16,486] INFO [Broker id=3] Finished LeaderAndIsr request in 3417ms correlationId 2 from controller 2 for 3 partitions (state.change.logger)
[2025-09-30 16:55:16,611] INFO [Broker id=3] Add 3 partitions and deleted 0 partitions from metadata cache in response to UpdateMetadata request sent by controller 2 epoch 3 with correlation id 3 (state.change.logger)
[2025-09-30 16:55:51,575] INFO [Controller id=2 epoch=3] Changed partition ticket.requests-0 state from NonExistentPartition to NewPartition with assigned replicas 1,2,3 (state.change.logger)
[2025-09-30 16:55:51,575] INFO [Controller id=2 epoch=3] Changed partition ticket.requests-1 state from NonExistentPartition to NewPartition with assigned replicas 0,3,1 (state.change.logger)
[2025-09-30 16:55:51,575] INFO [Controller id=2 epoch=3] Changed partition ticket.requests-2 state from NonExistentPartition to NewPartition with assigned replicas 2,1,0 (state.change.logger)
[2025-09-30 16:55:51,575] INFO [Controller id=2 epoch=3] Sending UpdateMetadata request to brokers HashSet() for 0 partitions (state.change.logger)
[2025-09-30 16:55:51,577] INFO [Controller id=2 epoch=3] Sending UpdateMetadata request to brokers HashSet() for 0 partitions (state.change.logger)
[2025-09-30 16:55:51,783] INFO [Controller id=2 epoch=3] Changed partition ticket.requests-0 from NewPartition to OnlinePartition with state LeaderAndIsr(leader=1, leaderEpoch=0, isrWithBrokerEpoch=List(BrokerState(brokerId=1, brokerEpoch=-1), BrokerState(brokerId=2, brokerEpoch=-1), BrokerState(brokerId=3, brokerEpoch=-1)), leaderRecoveryState=RECOVERED, partitionEpoch=0) (state.change.logger)
[2025-09-30 16:55:51,783] INFO [Controller id=2 epoch=3] Changed partition ticket.requests-1 from NewPartition to OnlinePartition with state LeaderAndIsr(leader=0, leaderEpoch=0, isrWithBrokerEpoch=List(BrokerState(brokerId=0, brokerEpoch=-1), BrokerState(brokerId=3, brokerEpoch=-1), BrokerState(brokerId=1, brokerEpoch=-1)), leaderRecoveryState=RECOVERED, partitionEpoch=0) (state.change.logger)
[2025-09-30 16:55:51,783] INFO [Controller id=2 epoch=3] Changed partition ticket.requests-2 from NewPartition to OnlinePartition with state LeaderAndIsr(leader=2, leaderEpoch=0, isrWithBrokerEpoch=List(BrokerState(brokerId=2, brokerEpoch=-1), BrokerState(brokerId=1, brokerEpoch=-1), BrokerState(brokerId=0, brokerEpoch=-1)), leaderRecoveryState=RECOVERED, partitionEpoch=0) (state.change.logger)
[2025-09-30 16:55:51,783] INFO [Controller id=2 epoch=3] Sending LeaderAndIsr request to broker 0 with 1 become-leader and 1 become-follower partitions (state.change.logger)
[2025-09-30 16:55:51,784] INFO [Controller id=2 epoch=3] Sending LeaderAndIsr request to broker 1 with 1 become-leader and 2 become-follower partitions (state.change.logger)
[2025-09-30 16:55:51,784] INFO [Controller id=2 epoch=3] Sending LeaderAndIsr request to broker 2 with 1 become-leader and 1 become-follower partitions (state.change.logger)
[2025-09-30 16:55:51,785] INFO [Broker id=0] Handling LeaderAndIsr request correlationId 3 from controller 2 for 2 partitions (state.change.logger)
[2025-09-30 16:55:51,785] INFO [Broker id=1] Handling LeaderAndIsr request correlationId 4 from controller 2 for 3 partitions (state.change.logger)
[2025-09-30 16:55:51,789] INFO [Broker id=2] Handling LeaderAndIsr request correlationId 4 from controller 2 for 2 partitions (state.change.logger)
[2025-09-30 16:55:51,791] INFO [Controller id=2 epoch=3] Sending LeaderAndIsr request to broker 3 with 0 become-leader and 2 become-follower partitions (state.change.logger)
[2025-09-30 16:55:51,792] INFO [Controller id=2 epoch=3] Sending UpdateMetadata request to brokers HashSet(0, 1, 2, 3) for 3 partitions (state.change.logger)
[2025-09-30 16:55:51,793] INFO [Broker id=3] Handling LeaderAndIsr request correlationId 4 from controller 2 for 2 partitions (state.change.logger)
[2025-09-30 16:55:51,808] INFO [Broker id=2] Stopped fetchers as part of LeaderAndIsr request correlationId 4 from controller 2 epoch 3 as part of the become-leader transition for 1 partitions (state.change.logger)
[2025-09-30 16:55:51,810] INFO [Controller id=2 epoch=3] Sending UpdateMetadata request to brokers HashSet() for 0 partitions (state.change.logger)
[2025-09-30 16:55:51,828] INFO [Broker id=1] Stopped fetchers as part of LeaderAndIsr request correlationId 4 from controller 2 epoch 3 as part of the become-leader transition for 1 partitions (state.change.logger)
[2025-09-30 16:55:51,929] INFO [Broker id=0] Stopped fetchers as part of LeaderAndIsr request correlationId 3 from controller 2 epoch 3 as part of the become-leader transition for 1 partitions (state.change.logger)
[2025-09-30 16:55:52,735] INFO [Broker id=2] Leader ticket.requests-2 with topic id Some(VBRIZugkTdu1ScnTtsXuaQ) starts at leader epoch 0 from offset 0 with partition epoch 0, high watermark 0, ISR [2,1,0], adding replicas [] and removing replicas [] . Previous leader None and previous leader epoch was -1. (state.change.logger)
[2025-09-30 16:55:52,769] INFO [Broker id=3] Follower ticket.requests-0 starts at leader epoch 0 from offset 0 with partition epoch 0 and high watermark 0. Current leader is 1. Previous leader Some(1) and previous leader epoch was 0. (state.change.logger)
[2025-09-30 16:55:52,798] INFO [Broker id=1] Leader ticket.requests-0 with topic id Some(VBRIZugkTdu1ScnTtsXuaQ) starts at leader epoch 0 from offset 0 with partition epoch 0, high watermark 0, ISR [1,2,3], adding replicas [] and removing replicas [] . Previous leader None and previous leader epoch was -1. (state.change.logger)
[2025-09-30 16:55:52,842] INFO [Broker id=2] Follower ticket.requests-0 starts at leader epoch 0 from offset 0 with partition epoch 0 and high watermark 0. Current leader is 1. Previous leader Some(1) and previous leader epoch was 0. (state.change.logger)
[2025-09-30 16:55:52,843] INFO [Broker id=2] Stopped fetchers as part of become-follower request from controller 2 epoch 3 with correlation id 4 for 1 partitions (state.change.logger)
[2025-09-30 16:55:52,864] INFO [Broker id=2] Finished LeaderAndIsr request in 1075ms correlationId 4 from controller 2 for 2 partitions (state.change.logger)
[2025-09-30 16:55:52,875] INFO [Broker id=2] Add 3 partitions and deleted 0 partitions from metadata cache in response to UpdateMetadata request sent by controller 2 epoch 3 with correlation id 5 (state.change.logger)
[2025-09-30 16:55:52,943] INFO [Broker id=0] Leader ticket.requests-1 with topic id Some(VBRIZugkTdu1ScnTtsXuaQ) starts at leader epoch 0 from offset 0 with partition epoch 0, high watermark 0, ISR [0,3,1], adding replicas [] and removing replicas [] . Previous leader None and previous leader epoch was -1. (state.change.logger)
[2025-09-30 16:55:52,983] INFO [Broker id=3] Follower ticket.requests-1 starts at leader epoch 0 from offset 0 with partition epoch 0 and high watermark 0. Current leader is 0. Previous leader Some(0) and previous leader epoch was 0. (state.change.logger)
[2025-09-30 16:55:53,021] INFO [Broker id=3] Stopped fetchers as part of become-follower request from controller 2 epoch 3 with correlation id 4 for 2 partitions (state.change.logger)
[2025-09-30 16:55:53,032] INFO [Broker id=1] Follower ticket.requests-1 starts at leader epoch 0 from offset 0 with partition epoch 0 and high watermark 0. Current leader is 0. Previous leader Some(0) and previous leader epoch was 0. (state.change.logger)
[2025-09-30 16:55:53,070] INFO [Broker id=3] Finished LeaderAndIsr request in 1276ms correlationId 4 from controller 2 for 2 partitions (state.change.logger)
[2025-09-30 16:55:53,073] INFO [Broker id=3] Add 3 partitions and deleted 0 partitions from metadata cache in response to UpdateMetadata request sent by controller 2 epoch 3 with correlation id 5 (state.change.logger)
[2025-09-30 16:55:53,135] INFO [Broker id=1] Follower ticket.requests-2 starts at leader epoch 0 from offset 0 with partition epoch 0 and high watermark 0. Current leader is 2. Previous leader Some(2) and previous leader epoch was 0. (state.change.logger)
[2025-09-30 16:55:53,144] INFO [Broker id=1] Stopped fetchers as part of become-follower request from controller 2 epoch 3 with correlation id 4 for 2 partitions (state.change.logger)
[2025-09-30 16:55:53,258] INFO [Broker id=0] Follower ticket.requests-2 starts at leader epoch 0 from offset 0 with partition epoch 0 and high watermark 0. Current leader is 2. Previous leader Some(2) and previous leader epoch was 0. (state.change.logger)
[2025-09-30 16:55:53,277] INFO [Broker id=0] Stopped fetchers as part of become-follower request from controller 2 epoch 3 with correlation id 3 for 1 partitions (state.change.logger)
[2025-09-30 16:55:53,286] INFO [Broker id=0] Finished LeaderAndIsr request in 1502ms correlationId 3 from controller 2 for 2 partitions (state.change.logger)
[2025-09-30 16:55:53,296] INFO [Broker id=0] Add 3 partitions and deleted 0 partitions from metadata cache in response to UpdateMetadata request sent by controller 2 epoch 3 with correlation id 4 (state.change.logger)
[2025-09-30 16:55:53,319] INFO [Broker id=1] Finished LeaderAndIsr request in 1534ms correlationId 4 from controller 2 for 3 partitions (state.change.logger)
[2025-09-30 16:55:53,337] INFO [Broker id=1] Add 3 partitions and deleted 0 partitions from metadata cache in response to UpdateMetadata request sent by controller 2 epoch 3 with correlation id 5 (state.change.logger)
[2025-09-30 16:56:41,232] INFO [Controller id=2 epoch=3] Changed partition payments.processed-0 state from NonExistentPartition to NewPartition with assigned replicas 1,0,2 (state.change.logger)
[2025-09-30 16:56:41,232] INFO [Controller id=2 epoch=3] Changed partition payments.processed-1 state from NonExistentPartition to NewPartition with assigned replicas 0,2,3 (state.change.logger)
[2025-09-30 16:56:41,233] INFO [Controller id=2 epoch=3] Changed partition payments.processed-2 state from NonExistentPartition to NewPartition with assigned replicas 2,3,1 (state.change.logger)
[2025-09-30 16:56:41,233] INFO [Controller id=2 epoch=3] Sending UpdateMetadata request to brokers HashSet() for 0 partitions (state.change.logger)
[2025-09-30 16:56:41,235] INFO [Controller id=2 epoch=3] Sending UpdateMetadata request to brokers HashSet() for 0 partitions (state.change.logger)
[2025-09-30 16:56:41,375] INFO [Controller id=2 epoch=3] Changed partition payments.processed-0 from NewPartition to OnlinePartition with state LeaderAndIsr(leader=1, leaderEpoch=0, isrWithBrokerEpoch=List(BrokerState(brokerId=1, brokerEpoch=-1), BrokerState(brokerId=0, brokerEpoch=-1), BrokerState(brokerId=2, brokerEpoch=-1)), leaderRecoveryState=RECOVERED, partitionEpoch=0) (state.change.logger)
[2025-09-30 16:56:41,376] INFO [Controller id=2 epoch=3] Changed partition payments.processed-1 from NewPartition to OnlinePartition with state LeaderAndIsr(leader=0, leaderEpoch=0, isrWithBrokerEpoch=List(BrokerState(brokerId=0, brokerEpoch=-1), BrokerState(brokerId=2, brokerEpoch=-1), BrokerState(brokerId=3, brokerEpoch=-1)), leaderRecoveryState=RECOVERED, partitionEpoch=0) (state.change.logger)
[2025-09-30 16:56:41,376] INFO [Controller id=2 epoch=3] Changed partition payments.processed-2 from NewPartition to OnlinePartition with state LeaderAndIsr(leader=2, leaderEpoch=0, isrWithBrokerEpoch=List(BrokerState(brokerId=2, brokerEpoch=-1), BrokerState(brokerId=3, brokerEpoch=-1), BrokerState(brokerId=1, brokerEpoch=-1)), leaderRecoveryState=RECOVERED, partitionEpoch=0) (state.change.logger)
[2025-09-30 16:56:41,376] INFO [Controller id=2 epoch=3] Sending LeaderAndIsr request to broker 0 with 1 become-leader and 1 become-follower partitions (state.change.logger)
[2025-09-30 16:56:41,376] INFO [Controller id=2 epoch=3] Sending LeaderAndIsr request to broker 1 with 1 become-leader and 1 become-follower partitions (state.change.logger)
[2025-09-30 16:56:41,377] INFO [Broker id=0] Handling LeaderAndIsr request correlationId 5 from controller 2 for 2 partitions (state.change.logger)
[2025-09-30 16:56:41,379] INFO [Broker id=1] Handling LeaderAndIsr request correlationId 6 from controller 2 for 2 partitions (state.change.logger)
[2025-09-30 16:56:41,382] INFO [Controller id=2 epoch=3] Sending LeaderAndIsr request to broker 2 with 1 become-leader and 2 become-follower partitions (state.change.logger)
[2025-09-30 16:56:41,384] INFO [Broker id=2] Handling LeaderAndIsr request correlationId 6 from controller 2 for 3 partitions (state.change.logger)
[2025-09-30 16:56:41,387] INFO [Controller id=2 epoch=3] Sending LeaderAndIsr request to broker 3 with 0 become-leader and 2 become-follower partitions (state.change.logger)
[2025-09-30 16:56:41,388] INFO [Broker id=3] Handling LeaderAndIsr request correlationId 6 from controller 2 for 2 partitions (state.change.logger)
[2025-09-30 16:56:41,391] INFO [Controller id=2 epoch=3] Sending UpdateMetadata request to brokers HashSet(0, 1, 2, 3) for 3 partitions (state.change.logger)
[2025-09-30 16:56:41,418] INFO [Controller id=2 epoch=3] Sending UpdateMetadata request to brokers HashSet() for 0 partitions (state.change.logger)
[2025-09-30 16:56:41,420] INFO [Broker id=2] Stopped fetchers as part of LeaderAndIsr request correlationId 6 from controller 2 epoch 3 as part of the become-leader transition for 1 partitions (state.change.logger)
[2025-09-30 16:56:41,429] INFO [Broker id=0] Stopped fetchers as part of LeaderAndIsr request correlationId 5 from controller 2 epoch 3 as part of the become-leader transition for 1 partitions (state.change.logger)
[2025-09-30 16:56:41,436] INFO [Broker id=1] Stopped fetchers as part of LeaderAndIsr request correlationId 6 from controller 2 epoch 3 as part of the become-leader transition for 1 partitions (state.change.logger)
[2025-09-30 16:56:41,514] INFO [Broker id=2] Leader payments.processed-2 with topic id Some(X98AuphRR6WcW1_SIfIDAQ) starts at leader epoch 0 from offset 0 with partition epoch 0, high watermark 0, ISR [2,3,1], adding replicas [] and removing replicas [] . Previous leader None and previous leader epoch was -1. (state.change.logger)
[2025-09-30 16:56:41,517] INFO [Broker id=0] Leader payments.processed-1 with topic id Some(X98AuphRR6WcW1_SIfIDAQ) starts at leader epoch 0 from offset 0 with partition epoch 0, high watermark 0, ISR [0,2,3], adding replicas [] and removing replicas [] . Previous leader None and previous leader epoch was -1. (state.change.logger)
[2025-09-30 16:56:41,517] INFO [Broker id=3] Follower payments.processed-1 starts at leader epoch 0 from offset 0 with partition epoch 0 and high watermark 0. Current leader is 0. Previous leader Some(0) and previous leader epoch was 0. (state.change.logger)
[2025-09-30 16:56:41,536] INFO [Broker id=1] Leader payments.processed-0 with topic id Some(X98AuphRR6WcW1_SIfIDAQ) starts at leader epoch 0 from offset 0 with partition epoch 0, high watermark 0, ISR [1,0,2], adding replicas [] and removing replicas [] . Previous leader None and previous leader epoch was -1. (state.change.logger)
[2025-09-30 16:56:41,561] INFO [Broker id=3] Follower payments.processed-2 starts at leader epoch 0 from offset 0 with partition epoch 0 and high watermark 0. Current leader is 2. Previous leader Some(2) and previous leader epoch was 0. (state.change.logger)
[2025-09-30 16:56:41,562] INFO [Broker id=3] Stopped fetchers as part of become-follower request from controller 2 epoch 3 with correlation id 6 for 2 partitions (state.change.logger)
[2025-09-30 16:56:41,566] INFO [Broker id=3] Finished LeaderAndIsr request in 178ms correlationId 6 from controller 2 for 2 partitions (state.change.logger)
[2025-09-30 16:56:41,569] INFO [Broker id=3] Add 3 partitions and deleted 0 partitions from metadata cache in response to UpdateMetadata request sent by controller 2 epoch 3 with correlation id 7 (state.change.logger)
[2025-09-30 16:56:41,764] INFO [Broker id=0] Follower payments.processed-0 starts at leader epoch 0 from offset 0 with partition epoch 0 and high watermark 0. Current leader is 1. Previous leader Some(1) and previous leader epoch was 0. (state.change.logger)
[2025-09-30 16:56:41,766] INFO [Broker id=0] Stopped fetchers as part of become-follower request from controller 2 epoch 3 with correlation id 5 for 1 partitions (state.change.logger)
[2025-09-30 16:56:41,767] INFO [Broker id=0] Finished LeaderAndIsr request in 390ms correlationId 5 from controller 2 for 2 partitions (state.change.logger)
[2025-09-30 16:56:41,769] INFO [Broker id=0] Add 3 partitions and deleted 0 partitions from metadata cache in response to UpdateMetadata request sent by controller 2 epoch 3 with correlation id 6 (state.change.logger)
[2025-09-30 16:56:41,793] INFO [Broker id=1] Follower payments.processed-2 starts at leader epoch 0 from offset 0 with partition epoch 0 and high watermark 0. Current leader is 2. Previous leader Some(2) and previous leader epoch was 0. (state.change.logger)
[2025-09-30 16:56:41,792] INFO [Broker id=2] Follower payments.processed-0 starts at leader epoch 0 from offset 0 with partition epoch 0 and high watermark 0. Current leader is 1. Previous leader Some(1) and previous leader epoch was 0. (state.change.logger)
[2025-09-30 16:56:41,794] INFO [Broker id=1] Stopped fetchers as part of become-follower request from controller 2 epoch 3 with correlation id 6 for 1 partitions (state.change.logger)
[2025-09-30 16:56:41,802] INFO [Broker id=1] Finished LeaderAndIsr request in 423ms correlationId 6 from controller 2 for 2 partitions (state.change.logger)
[2025-09-30 16:56:41,806] INFO [Broker id=1] Add 3 partitions and deleted 0 partitions from metadata cache in response to UpdateMetadata request sent by controller 2 epoch 3 with correlation id 7 (state.change.logger)
[2025-09-30 16:56:41,832] INFO [Broker id=2] Follower payments.processed-1 starts at leader epoch 0 from offset 0 with partition epoch 0 and high watermark 0. Current leader is 0. Previous leader Some(0) and previous leader epoch was 0. (state.change.logger)
[2025-09-30 16:56:41,832] INFO [Broker id=2] Stopped fetchers as part of become-follower request from controller 2 epoch 3 with correlation id 6 for 2 partitions (state.change.logger)
[2025-09-30 16:56:41,846] INFO [Broker id=2] Finished LeaderAndIsr request in 461ms correlationId 6 from controller 2 for 3 partitions (state.change.logger)
[2025-09-30 16:56:41,850] INFO [Broker id=2] Add 3 partitions and deleted 0 partitions from metadata cache in response to UpdateMetadata request sent by controller 2 epoch 3 with correlation id 7 (state.change.logger)
[2025-09-30 16:57:01,345] INFO [Controller id=2 epoch=3] Changed partition schedule.updates-0 state from NonExistentPartition to NewPartition with assigned replicas 1,0,2 (state.change.logger)
[2025-09-30 16:57:01,345] INFO [Controller id=2 epoch=3] Changed partition schedule.updates-1 state from NonExistentPartition to NewPartition with assigned replicas 0,2,3 (state.change.logger)
[2025-09-30 16:57:01,345] INFO [Controller id=2 epoch=3] Changed partition schedule.updates-2 state from NonExistentPartition to NewPartition with assigned replicas 2,3,1 (state.change.logger)
[2025-09-30 16:57:01,347] INFO [Controller id=2 epoch=3] Sending UpdateMetadata request to brokers HashSet() for 0 partitions (state.change.logger)
[2025-09-30 16:57:01,349] INFO [Controller id=2 epoch=3] Sending UpdateMetadata request to brokers HashSet() for 0 partitions (state.change.logger)
[2025-09-30 16:57:01,464] INFO [Controller id=2 epoch=3] Changed partition schedule.updates-0 from NewPartition to OnlinePartition with state LeaderAndIsr(leader=1, leaderEpoch=0, isrWithBrokerEpoch=List(BrokerState(brokerId=1, brokerEpoch=-1), BrokerState(brokerId=0, brokerEpoch=-1), BrokerState(brokerId=2, brokerEpoch=-1)), leaderRecoveryState=RECOVERED, partitionEpoch=0) (state.change.logger)
[2025-09-30 16:57:01,464] INFO [Controller id=2 epoch=3] Changed partition schedule.updates-1 from NewPartition to OnlinePartition with state LeaderAndIsr(leader=0, leaderEpoch=0, isrWithBrokerEpoch=List(BrokerState(brokerId=0, brokerEpoch=-1), BrokerState(brokerId=2, brokerEpoch=-1), BrokerState(brokerId=3, brokerEpoch=-1)), leaderRecoveryState=RECOVERED, partitionEpoch=0) (state.change.logger)
[2025-09-30 16:57:01,466] INFO [Controller id=2 epoch=3] Changed partition schedule.updates-2 from NewPartition to OnlinePartition with state LeaderAndIsr(leader=2, leaderEpoch=0, isrWithBrokerEpoch=List(BrokerState(brokerId=2, brokerEpoch=-1), BrokerState(brokerId=3, brokerEpoch=-1), BrokerState(brokerId=1, brokerEpoch=-1)), leaderRecoveryState=RECOVERED, partitionEpoch=0) (state.change.logger)
[2025-09-30 16:57:01,466] INFO [Controller id=2 epoch=3] Sending LeaderAndIsr request to broker 0 with 1 become-leader and 1 become-follower partitions (state.change.logger)
[2025-09-30 16:57:01,466] INFO [Controller id=2 epoch=3] Sending LeaderAndIsr request to broker 1 with 1 become-leader and 1 become-follower partitions (state.change.logger)
[2025-09-30 16:57:01,468] INFO [Controller id=2 epoch=3] Sending LeaderAndIsr request to broker 2 with 1 become-leader and 2 become-follower partitions (state.change.logger)
[2025-09-30 16:57:01,468] INFO [Broker id=0] Handling LeaderAndIsr request correlationId 7 from controller 2 for 2 partitions (state.change.logger)
[2025-09-30 16:57:01,468] INFO [Broker id=1] Handling LeaderAndIsr request correlationId 8 from controller 2 for 2 partitions (state.change.logger)
[2025-09-30 16:57:01,469] INFO [Controller id=2 epoch=3] Sending LeaderAndIsr request to broker 3 with 0 become-leader and 2 become-follower partitions (state.change.logger)
[2025-09-30 16:57:01,471] INFO [Broker id=2] Handling LeaderAndIsr request correlationId 8 from controller 2 for 3 partitions (state.change.logger)
[2025-09-30 16:57:01,473] INFO [Broker id=3] Handling LeaderAndIsr request correlationId 8 from controller 2 for 2 partitions (state.change.logger)
[2025-09-30 16:57:01,473] INFO [Controller id=2 epoch=3] Sending UpdateMetadata request to brokers HashSet(0, 1, 2, 3) for 3 partitions (state.change.logger)
[2025-09-30 16:57:01,477] INFO [Broker id=1] Stopped fetchers as part of LeaderAndIsr request correlationId 8 from controller 2 epoch 3 as part of the become-leader transition for 1 partitions (state.change.logger)
[2025-09-30 16:57:01,478] INFO [Controller id=2 epoch=3] Sending UpdateMetadata request to brokers HashSet() for 0 partitions (state.change.logger)
[2025-09-30 16:57:01,478] INFO [Broker id=0] Stopped fetchers as part of LeaderAndIsr request correlationId 7 from controller 2 epoch 3 as part of the become-leader transition for 1 partitions (state.change.logger)
[2025-09-30 16:57:01,483] INFO [Broker id=2] Stopped fetchers as part of LeaderAndIsr request correlationId 8 from controller 2 epoch 3 as part of the become-leader transition for 1 partitions (state.change.logger)
[2025-09-30 16:57:01,604] INFO [Broker id=0] Leader schedule.updates-1 with topic id Some(1sjYs5rvSPuXyx9M9AYi3g) starts at leader epoch 0 from offset 0 with partition epoch 0, high watermark 0, ISR [0,2,3], adding replicas [] and removing replicas [] . Previous leader None and previous leader epoch was -1. (state.change.logger)
[2025-09-30 16:57:01,611] INFO [Broker id=3] Follower schedule.updates-2 starts at leader epoch 0 from offset 0 with partition epoch 0 and high watermark 0. Current leader is 2. Previous leader Some(2) and previous leader epoch was 0. (state.change.logger)
[2025-09-30 16:57:01,611] INFO [Broker id=2] Leader schedule.updates-2 with topic id Some(1sjYs5rvSPuXyx9M9AYi3g) starts at leader epoch 0 from offset 0 with partition epoch 0, high watermark 0, ISR [2,3,1], adding replicas [] and removing replicas [] . Previous leader None and previous leader epoch was -1. (state.change.logger)
[2025-09-30 16:57:01,614] INFO [Broker id=1] Leader schedule.updates-0 with topic id Some(1sjYs5rvSPuXyx9M9AYi3g) starts at leader epoch 0 from offset 0 with partition epoch 0, high watermark 0, ISR [1,0,2], adding replicas [] and removing replicas [] . Previous leader None and previous leader epoch was -1. (state.change.logger)
[2025-09-30 16:57:01,693] INFO [Broker id=3] Follower schedule.updates-1 starts at leader epoch 0 from offset 0 with partition epoch 0 and high watermark 0. Current leader is 0. Previous leader Some(0) and previous leader epoch was 0. (state.change.logger)
[2025-09-30 16:57:01,695] INFO [Broker id=3] Stopped fetchers as part of become-follower request from controller 2 epoch 3 with correlation id 8 for 2 partitions (state.change.logger)
[2025-09-30 16:57:01,701] INFO [Broker id=3] Finished LeaderAndIsr request in 228ms correlationId 8 from controller 2 for 2 partitions (state.change.logger)
[2025-09-30 16:57:01,705] INFO [Broker id=3] Add 3 partitions and deleted 0 partitions from metadata cache in response to UpdateMetadata request sent by controller 2 epoch 3 with correlation id 9 (state.change.logger)
[2025-09-30 16:57:01,813] INFO [Broker id=2] Follower schedule.updates-0 starts at leader epoch 0 from offset 0 with partition epoch 0 and high watermark 0. Current leader is 1. Previous leader Some(1) and previous leader epoch was 0. (state.change.logger)
[2025-09-30 16:57:01,814] INFO [Broker id=0] Follower schedule.updates-0 starts at leader epoch 0 from offset 0 with partition epoch 0 and high watermark 0. Current leader is 1. Previous leader Some(1) and previous leader epoch was 0. (state.change.logger)
[2025-09-30 16:57:01,815] INFO [Broker id=0] Stopped fetchers as part of become-follower request from controller 2 epoch 3 with correlation id 7 for 1 partitions (state.change.logger)
[2025-09-30 16:57:01,817] INFO [Broker id=0] Finished LeaderAndIsr request in 349ms correlationId 7 from controller 2 for 2 partitions (state.change.logger)
[2025-09-30 16:57:01,825] INFO [Broker id=0] Add 3 partitions and deleted 0 partitions from metadata cache in response to UpdateMetadata request sent by controller 2 epoch 3 with correlation id 8 (state.change.logger)
[2025-09-30 16:57:01,838] INFO [Broker id=1] Follower schedule.updates-2 starts at leader epoch 0 from offset 0 with partition epoch 0 and high watermark 0. Current leader is 2. Previous leader Some(2) and previous leader epoch was 0. (state.change.logger)
[2025-09-30 16:57:01,840] INFO [Broker id=1] Stopped fetchers as part of become-follower request from controller 2 epoch 3 with correlation id 8 for 1 partitions (state.change.logger)
[2025-09-30 16:57:01,842] INFO [Broker id=1] Finished LeaderAndIsr request in 374ms correlationId 8 from controller 2 for 2 partitions (state.change.logger)
[2025-09-30 16:57:01,845] INFO [Broker id=1] Add 3 partitions and deleted 0 partitions from metadata cache in response to UpdateMetadata request sent by controller 2 epoch 3 with correlation id 9 (state.change.logger)
[2025-09-30 16:57:01,993] INFO [Broker id=2] Follower schedule.updates-1 starts at leader epoch 0 from offset 0 with partition epoch 0 and high watermark 0. Current leader is 0. Previous leader Some(0) and previous leader epoch was 0. (state.change.logger)
[2025-09-30 16:57:01,995] INFO [Broker id=2] Stopped fetchers as part of become-follower request from controller 2 epoch 3 with correlation id 8 for 2 partitions (state.change.logger)
[2025-09-30 16:57:01,999] INFO [Broker id=2] Finished LeaderAndIsr request in 528ms correlationId 8 from controller 2 for 3 partitions (state.change.logger)
[2025-09-30 16:57:02,006] INFO [Broker id=2] Add 3 partitions and deleted 0 partitions from metadata cache in response to UpdateMetadata request sent by controller 2 epoch 3 with correlation id 9 (state.change.logger)
[2025-09-30 16:57:17,540] INFO [Controller id=2 epoch=3] Changed partition tickets.validated-0 state from NonExistentPartition to NewPartition with assigned replicas 0,2,3 (state.change.logger)
[2025-09-30 16:57:17,540] INFO [Controller id=2 epoch=3] Changed partition tickets.validated-1 state from NonExistentPartition to NewPartition with assigned replicas 2,3,1 (state.change.logger)
[2025-09-30 16:57:17,540] INFO [Controller id=2 epoch=3] Changed partition tickets.validated-2 state from NonExistentPartition to NewPartition with assigned replicas 3,1,0 (state.change.logger)
[2025-09-30 16:57:17,540] INFO [Controller id=2 epoch=3] Sending UpdateMetadata request to brokers HashSet() for 0 partitions (state.change.logger)
[2025-09-30 16:57:17,541] INFO [Controller id=2 epoch=3] Sending UpdateMetadata request to brokers HashSet() for 0 partitions (state.change.logger)
[2025-09-30 16:57:17,756] INFO [Controller id=2 epoch=3] Changed partition tickets.validated-0 from NewPartition to OnlinePartition with state LeaderAndIsr(leader=0, leaderEpoch=0, isrWithBrokerEpoch=List(BrokerState(brokerId=0, brokerEpoch=-1), BrokerState(brokerId=2, brokerEpoch=-1), BrokerState(brokerId=3, brokerEpoch=-1)), leaderRecoveryState=RECOVERED, partitionEpoch=0) (state.change.logger)
[2025-09-30 16:57:17,756] INFO [Controller id=2 epoch=3] Changed partition tickets.validated-1 from NewPartition to OnlinePartition with state LeaderAndIsr(leader=2, leaderEpoch=0, isrWithBrokerEpoch=List(BrokerState(brokerId=2, brokerEpoch=-1), BrokerState(brokerId=3, brokerEpoch=-1), BrokerState(brokerId=1, brokerEpoch=-1)), leaderRecoveryState=RECOVERED, partitionEpoch=0) (state.change.logger)
[2025-09-30 16:57:17,756] INFO [Controller id=2 epoch=3] Changed partition tickets.validated-2 from NewPartition to OnlinePartition with state LeaderAndIsr(leader=3, leaderEpoch=0, isrWithBrokerEpoch=List(BrokerState(brokerId=3, brokerEpoch=-1), BrokerState(brokerId=1, brokerEpoch=-1), BrokerState(brokerId=0, brokerEpoch=-1)), leaderRecoveryState=RECOVERED, partitionEpoch=0) (state.change.logger)
[2025-09-30 16:57:17,757] INFO [Controller id=2 epoch=3] Sending LeaderAndIsr request to broker 0 with 1 become-leader and 1 become-follower partitions (state.change.logger)
[2025-09-30 16:57:17,757] INFO [Controller id=2 epoch=3] Sending LeaderAndIsr request to broker 1 with 0 become-leader and 2 become-follower partitions (state.change.logger)
[2025-09-30 16:57:17,758] INFO [Controller id=2 epoch=3] Sending LeaderAndIsr request to broker 2 with 1 become-leader and 1 become-follower partitions (state.change.logger)
[2025-09-30 16:57:17,759] INFO [Broker id=0] Handling LeaderAndIsr request correlationId 9 from controller 2 for 2 partitions (state.change.logger)
[2025-09-30 16:57:17,760] INFO [Broker id=1] Handling LeaderAndIsr request correlationId 10 from controller 2 for 2 partitions (state.change.logger)
[2025-09-30 16:57:17,763] INFO [Controller id=2 epoch=3] Sending LeaderAndIsr request to broker 3 with 1 become-leader and 2 become-follower partitions (state.change.logger)
[2025-09-30 16:57:17,763] INFO [Broker id=2] Handling LeaderAndIsr request correlationId 10 from controller 2 for 2 partitions (state.change.logger)
[2025-09-30 16:57:17,765] INFO [Controller id=2 epoch=3] Sending UpdateMetadata request to brokers HashSet(0, 1, 2, 3) for 3 partitions (state.change.logger)
[2025-09-30 16:57:17,767] INFO [Broker id=3] Handling LeaderAndIsr request correlationId 10 from controller 2 for 3 partitions (state.change.logger)
[2025-09-30 16:57:17,769] INFO [Controller id=2 epoch=3] Sending UpdateMetadata request to brokers HashSet() for 0 partitions (state.change.logger)
[2025-09-30 16:57:17,799] INFO [Broker id=0] Stopped fetchers as part of LeaderAndIsr request correlationId 9 from controller 2 epoch 3 as part of the become-leader transition for 1 partitions (state.change.logger)
[2025-09-30 16:57:17,806] INFO [Broker id=2] Stopped fetchers as part of LeaderAndIsr request correlationId 10 from controller 2 epoch 3 as part of the become-leader transition for 1 partitions (state.change.logger)
[2025-09-30 16:57:17,807] INFO [Broker id=3] Stopped fetchers as part of LeaderAndIsr request correlationId 10 from controller 2 epoch 3 as part of the become-leader transition for 1 partitions (state.change.logger)
[2025-09-30 16:57:17,909] INFO [Broker id=2] Leader tickets.validated-1 with topic id Some(n5uYtPdmSsGruC_JUcnOfg) starts at leader epoch 0 from offset 0 with partition epoch 0, high watermark 0, ISR [2,3,1], adding replicas [] and removing replicas [] . Previous leader None and previous leader epoch was -1. (state.change.logger)
[2025-09-30 16:57:17,911] INFO [Broker id=3] Leader tickets.validated-2 with topic id Some(n5uYtPdmSsGruC_JUcnOfg) starts at leader epoch 0 from offset 0 with partition epoch 0, high watermark 0, ISR [3,1,0], adding replicas [] and removing replicas [] . Previous leader None and previous leader epoch was -1. (state.change.logger)
[2025-09-30 16:57:17,912] INFO [Broker id=0] Leader tickets.validated-0 with topic id Some(n5uYtPdmSsGruC_JUcnOfg) starts at leader epoch 0 from offset 0 with partition epoch 0, high watermark 0, ISR [0,2,3], adding replicas [] and removing replicas [] . Previous leader None and previous leader epoch was -1. (state.change.logger)
[2025-09-30 16:57:17,913] INFO [Broker id=1] Follower tickets.validated-1 starts at leader epoch 0 from offset 0 with partition epoch 0 and high watermark 0. Current leader is 2. Previous leader Some(2) and previous leader epoch was 0. (state.change.logger)
[2025-09-30 16:57:17,989] INFO [Broker id=1] Follower tickets.validated-2 starts at leader epoch 0 from offset 0 with partition epoch 0 and high watermark 0. Current leader is 3. Previous leader Some(3) and previous leader epoch was 0. (state.change.logger)
[2025-09-30 16:57:17,990] INFO [Broker id=1] Stopped fetchers as part of become-follower request from controller 2 epoch 3 with correlation id 10 for 2 partitions (state.change.logger)
[2025-09-30 16:57:18,038] INFO [Broker id=1] Finished LeaderAndIsr request in 278ms correlationId 10 from controller 2 for 2 partitions (state.change.logger)
[2025-09-30 16:57:18,042] INFO [Broker id=1] Add 3 partitions and deleted 0 partitions from metadata cache in response to UpdateMetadata request sent by controller 2 epoch 3 with correlation id 11 (state.change.logger)
[2025-09-30 16:57:18,120] INFO [Broker id=2] Follower tickets.validated-0 starts at leader epoch 0 from offset 0 with partition epoch 0 and high watermark 0. Current leader is 0. Previous leader Some(0) and previous leader epoch was 0. (state.change.logger)
[2025-09-30 16:57:18,120] INFO [Broker id=2] Stopped fetchers as part of become-follower request from controller 2 epoch 3 with correlation id 10 for 1 partitions (state.change.logger)
[2025-09-30 16:57:18,123] INFO [Broker id=2] Finished LeaderAndIsr request in 360ms correlationId 10 from controller 2 for 2 partitions (state.change.logger)
[2025-09-30 16:57:18,125] INFO [Broker id=2] Add 3 partitions and deleted 0 partitions from metadata cache in response to UpdateMetadata request sent by controller 2 epoch 3 with correlation id 11 (state.change.logger)
[2025-09-30 16:57:18,136] INFO [Broker id=3] Follower tickets.validated-1 starts at leader epoch 0 from offset 0 with partition epoch 0 and high watermark 0. Current leader is 2. Previous leader Some(2) and previous leader epoch was 0. (state.change.logger)
[2025-09-30 16:57:18,221] INFO [Broker id=0] Follower tickets.validated-2 starts at leader epoch 0 from offset 0 with partition epoch 0 and high watermark 0. Current leader is 3. Previous leader Some(3) and previous leader epoch was 0. (state.change.logger)
[2025-09-30 16:57:18,221] INFO [Broker id=3] Follower tickets.validated-0 starts at leader epoch 0 from offset 0 with partition epoch 0 and high watermark 0. Current leader is 0. Previous leader Some(0) and previous leader epoch was 0. (state.change.logger)
[2025-09-30 16:57:18,223] INFO [Broker id=0] Stopped fetchers as part of become-follower request from controller 2 epoch 3 with correlation id 9 for 1 partitions (state.change.logger)
[2025-09-30 16:57:18,223] INFO [Broker id=3] Stopped fetchers as part of become-follower request from controller 2 epoch 3 with correlation id 10 for 2 partitions (state.change.logger)
[2025-09-30 16:57:18,230] INFO [Broker id=3] Finished LeaderAndIsr request in 465ms correlationId 10 from controller 2 for 3 partitions (state.change.logger)
[2025-09-30 16:57:18,238] INFO [Broker id=3] Add 3 partitions and deleted 0 partitions from metadata cache in response to UpdateMetadata request sent by controller 2 epoch 3 with correlation id 11 (state.change.logger)
[2025-09-30 16:57:18,333] INFO [Broker id=0] Finished LeaderAndIsr request in 574ms correlationId 9 from controller 2 for 2 partitions (state.change.logger)
[2025-09-30 16:57:18,338] INFO [Broker id=0] Add 3 partitions and deleted 0 partitions from metadata cache in response to UpdateMetadata request sent by controller 2 epoch 3 with correlation id 10 (state.change.logger)
[2025-09-30 16:57:35,409] INFO [Controller id=2 epoch=3] Changed partition notifications-0 state from NonExistentPartition to NewPartition with assigned replicas 3,2,1 (state.change.logger)
[2025-09-30 16:57:35,409] INFO [Controller id=2 epoch=3] Changed partition notifications-1 state from NonExistentPartition to NewPartition with assigned replicas 1,3,0 (state.change.logger)
[2025-09-30 16:57:35,409] INFO [Controller id=2 epoch=3] Changed partition notifications-2 state from NonExistentPartition to NewPartition with assigned replicas 0,1,2 (state.change.logger)
[2025-09-30 16:57:35,409] INFO [Controller id=2 epoch=3] Sending UpdateMetadata request to brokers HashSet() for 0 partitions (state.change.logger)
[2025-09-30 16:57:35,430] INFO [Controller id=2 epoch=3] Sending UpdateMetadata request to brokers HashSet() for 0 partitions (state.change.logger)
[2025-09-30 16:57:35,787] INFO [Controller id=2 epoch=3] Changed partition notifications-0 from NewPartition to OnlinePartition with state LeaderAndIsr(leader=3, leaderEpoch=0, isrWithBrokerEpoch=List(BrokerState(brokerId=3, brokerEpoch=-1), BrokerState(brokerId=2, brokerEpoch=-1), BrokerState(brokerId=1, brokerEpoch=-1)), leaderRecoveryState=RECOVERED, partitionEpoch=0) (state.change.logger)
[2025-09-30 16:57:35,787] INFO [Controller id=2 epoch=3] Changed partition notifications-1 from NewPartition to OnlinePartition with state LeaderAndIsr(leader=1, leaderEpoch=0, isrWithBrokerEpoch=List(BrokerState(brokerId=1, brokerEpoch=-1), BrokerState(brokerId=3, brokerEpoch=-1), BrokerState(brokerId=0, brokerEpoch=-1)), leaderRecoveryState=RECOVERED, partitionEpoch=0) (state.change.logger)
[2025-09-30 16:57:35,787] INFO [Controller id=2 epoch=3] Changed partition notifications-2 from NewPartition to OnlinePartition with state LeaderAndIsr(leader=0, leaderEpoch=0, isrWithBrokerEpoch=List(BrokerState(brokerId=0, brokerEpoch=-1), BrokerState(brokerId=1, brokerEpoch=-1), BrokerState(brokerId=2, brokerEpoch=-1)), leaderRecoveryState=RECOVERED, partitionEpoch=0) (state.change.logger)
[2025-09-30 16:57:35,787] INFO [Controller id=2 epoch=3] Sending LeaderAndIsr request to broker 0 with 1 become-leader and 1 become-follower partitions (state.change.logger)
[2025-09-30 16:57:35,788] INFO [Controller id=2 epoch=3] Sending LeaderAndIsr request to broker 1 with 1 become-leader and 2 become-follower partitions (state.change.logger)
[2025-09-30 16:57:35,788] INFO [Controller id=2 epoch=3] Sending LeaderAndIsr request to broker 2 with 0 become-leader and 2 become-follower partitions (state.change.logger)
[2025-09-30 16:57:35,789] INFO [Broker id=0] Handling LeaderAndIsr request correlationId 11 from controller 2 for 2 partitions (state.change.logger)
[2025-09-30 16:57:35,789] INFO [Broker id=1] Handling LeaderAndIsr request correlationId 12 from controller 2 for 3 partitions (state.change.logger)
[2025-09-30 16:57:35,792] INFO [Broker id=2] Handling LeaderAndIsr request correlationId 12 from controller 2 for 2 partitions (state.change.logger)
[2025-09-30 16:57:35,795] INFO [Controller id=2 epoch=3] Sending LeaderAndIsr request to broker 3 with 1 become-leader and 1 become-follower partitions (state.change.logger)
[2025-09-30 16:57:35,797] INFO [Broker id=3] Handling LeaderAndIsr request correlationId 12 from controller 2 for 2 partitions (state.change.logger)
[2025-09-30 16:57:35,799] INFO [Controller id=2 epoch=3] Sending UpdateMetadata request to brokers HashSet(0, 1, 2, 3) for 3 partitions (state.change.logger)
[2025-09-30 16:57:35,803] INFO [Controller id=2 epoch=3] Sending UpdateMetadata request to brokers HashSet() for 0 partitions (state.change.logger)
[2025-09-30 16:57:35,804] INFO [Broker id=3] Stopped fetchers as part of LeaderAndIsr request correlationId 12 from controller 2 epoch 3 as part of the become-leader transition for 1 partitions (state.change.logger)
[2025-09-30 16:57:35,805] INFO [Broker id=0] Stopped fetchers as part of LeaderAndIsr request correlationId 11 from controller 2 epoch 3 as part of the become-leader transition for 1 partitions (state.change.logger)
[2025-09-30 16:57:35,808] INFO [Broker id=1] Stopped fetchers as part of LeaderAndIsr request correlationId 12 from controller 2 epoch 3 as part of the become-leader transition for 1 partitions (state.change.logger)
[2025-09-30 16:57:35,959] INFO [Broker id=2] Follower notifications-0 starts at leader epoch 0 from offset 0 with partition epoch 0 and high watermark 0. Current leader is 3. Previous leader Some(3) and previous leader epoch was 0. (state.change.logger)
[2025-09-30 16:57:35,970] INFO [Broker id=3] Leader notifications-0 with topic id Some(r1r5lPAkS8KEuqucfdO4rg) starts at leader epoch 0 from offset 0 with partition epoch 0, high watermark 0, ISR [3,2,1], adding replicas [] and removing replicas [] . Previous leader None and previous leader epoch was -1. (state.change.logger)
[2025-09-30 16:57:35,974] INFO [Broker id=0] Leader notifications-2 with topic id Some(r1r5lPAkS8KEuqucfdO4rg) starts at leader epoch 0 from offset 0 with partition epoch 0, high watermark 0, ISR [0,1,2], adding replicas [] and removing replicas [] . Previous leader None and previous leader epoch was -1. (state.change.logger)
[2025-09-30 16:57:36,005] INFO [Broker id=1] Leader notifications-1 with topic id Some(r1r5lPAkS8KEuqucfdO4rg) starts at leader epoch 0 from offset 0 with partition epoch 0, high watermark 0, ISR [1,3,0], adding replicas [] and removing replicas [] . Previous leader None and previous leader epoch was -1. (state.change.logger)
[2025-09-30 16:57:36,081] INFO [Broker id=3] Follower notifications-1 starts at leader epoch 0 from offset 0 with partition epoch 0 and high watermark 0. Current leader is 1. Previous leader Some(1) and previous leader epoch was 0. (state.change.logger)
[2025-09-30 16:57:36,083] INFO [Broker id=3] Stopped fetchers as part of become-follower request from controller 2 epoch 3 with correlation id 12 for 1 partitions (state.change.logger)
[2025-09-30 16:57:36,085] INFO [Broker id=3] Finished LeaderAndIsr request in 288ms correlationId 12 from controller 2 for 2 partitions (state.change.logger)
[2025-09-30 16:57:36,089] INFO [Broker id=3] Add 3 partitions and deleted 0 partitions from metadata cache in response to UpdateMetadata request sent by controller 2 epoch 3 with correlation id 13 (state.change.logger)
[2025-09-30 16:57:36,220] INFO [Broker id=2] Follower notifications-2 starts at leader epoch 0 from offset 0 with partition epoch 0 and high watermark 0. Current leader is 0. Previous leader Some(0) and previous leader epoch was 0. (state.change.logger)
[2025-09-30 16:57:36,224] INFO [Broker id=2] Stopped fetchers as part of become-follower request from controller 2 epoch 3 with correlation id 12 for 2 partitions (state.change.logger)
[2025-09-30 16:57:36,239] INFO [Broker id=0] Follower notifications-1 starts at leader epoch 0 from offset 0 with partition epoch 0 and high watermark 0. Current leader is 1. Previous leader Some(1) and previous leader epoch was 0. (state.change.logger)
[2025-09-30 16:57:36,240] INFO [Broker id=0] Stopped fetchers as part of become-follower request from controller 2 epoch 3 with correlation id 11 for 1 partitions (state.change.logger)
[2025-09-30 16:57:36,241] INFO [Broker id=2] Finished LeaderAndIsr request in 449ms correlationId 12 from controller 2 for 2 partitions (state.change.logger)
[2025-09-30 16:57:36,244] INFO [Broker id=0] Finished LeaderAndIsr request in 454ms correlationId 11 from controller 2 for 2 partitions (state.change.logger)
[2025-09-30 16:57:36,245] INFO [Broker id=2] Add 3 partitions and deleted 0 partitions from metadata cache in response to UpdateMetadata request sent by controller 2 epoch 3 with correlation id 13 (state.change.logger)
[2025-09-30 16:57:36,248] INFO [Broker id=0] Add 3 partitions and deleted 0 partitions from metadata cache in response to UpdateMetadata request sent by controller 2 epoch 3 with correlation id 12 (state.change.logger)
[2025-09-30 16:57:36,336] INFO [Broker id=1] Follower notifications-0 starts at leader epoch 0 from offset 0 with partition epoch 0 and high watermark 0. Current leader is 3. Previous leader Some(3) and previous leader epoch was 0. (state.change.logger)
[2025-09-30 16:57:36,436] INFO [Broker id=1] Follower notifications-2 starts at leader epoch 0 from offset 0 with partition epoch 0 and high watermark 0. Current leader is 0. Previous leader Some(0) and previous leader epoch was 0. (state.change.logger)
[2025-09-30 16:57:36,440] INFO [Broker id=1] Stopped fetchers as part of become-follower request from controller 2 epoch 3 with correlation id 12 for 2 partitions (state.change.logger)
[2025-09-30 16:57:36,444] INFO [Broker id=1] Finished LeaderAndIsr request in 655ms correlationId 12 from controller 2 for 3 partitions (state.change.logger)
[2025-09-30 16:57:36,447] INFO [Broker id=1] Add 3 partitions and deleted 0 partitions from metadata cache in response to UpdateMetadata request sent by controller 2 epoch 3 with correlation id 13 (state.change.logger)
